<?xml version="1.0" encoding="UTF-8"?>
<!-- Generated by org.testng.reporters.JUnitXMLReporter -->
<testsuite hostname="DESKTOP-BP4T90E" ignored="0" name="Chrome Test" tests="4" failures="0" timestamp="30 Dec 2019 07:44:59 GMT" time="0.216" errors="0">
  <testcase name="VerifyContact" time="0.002" classname="com.qa.testlayer.CheckContactPage"/>
  <testcase name="VerifySearch" time="0.001" classname="com.qa.testlayer.CheckSearchPage"/>
  <testcase name="VerifyContactnew" time="0.001" classname="com.qa.testlayer.CheckContactPage"/>
  <testcase name="VerifySearchNew" time="0.001" classname="com.qa.testlayer.CheckSearchPage"/>
</testsuite> <!-- Chrome Test -->
